<?xml version="1.0" encoding="UTF-8"?>
<testsuite xmlns:xsi="http://www.w3.org/2001/XMLSchema-instance" xsi:noNamespaceSchemaLocation="https://maven.apache.org/surefire/maven-surefire-plugin/xsd/surefire-test-report-3.0.xsd" version="3.0" name="com.test.TestRunner" time="168.502" tests="4" errors="0" skipped="0" failures="0">
  <properties>
[...]
</properties>
  <testcase name="User creates and claims a receivable successfully" classname="Create and Claim Receivable" time="59.963">
    <system-out><![CDATA[
Scenario: User creates and claims a receivable successfully  # src/test/resources/features/CreateAndClaimReceivable.feature:3
🚀 [HOOK] Launching Playwright before scenario...
Found 2 Dashboard elements.
 Dashboard visible at index 0
  Given User is logged into the dashboard                    # com.test.CreateReceivablesteps.user_is_logged_into_the_dashboard()
🔹 Starting Receivable Creation...
🧾 Invoice Generated: 811717
✅ Clicked CREATE RECEIVABLE successfully.
✅ Receivable Created Toast: Created Invoice successfully!
🔹 Starting Claim for invoice: 811717
✅ Claim submitted for invoice: 811717
🎉 Claim Success Toast: Reconcile successful!
  When User creates and claims a receivable                  # com.test.CreateAndClaimReceivableSteps.user_creates_and_claims_a_receivable()
✅ Full create and claim flow completed successfully!
  Then Receivable should be created and claimed successfully # com.test.CreateAndClaimReceivableSteps.receivable_should_be_created_and_claimed_successfully()
🧹 [HOOK] Closing Playwright after scenario...
]]></system-out>
    <system-err><![CDATA[SLF4J: Failed to load class "org.slf4j.impl.StaticLoggerBinder".
SLF4J: Defaulting to no-operation (NOP) logger implementation
SLF4J: See http://www.slf4j.org/codes.html#StaticLoggerBinder for further details.
]]></system-err>
  </testcase>
  <testcase name="User creates a new receivable successfully" classname="Create Receivable" time="47.612">
    <system-out><![CDATA[
Scenario: User creates a new receivable successfully # src/test/resources/features/CreateReceivable.feature:3
🚀 [HOOK] Launching Playwright before scenario...
Found 2 Dashboard elements.
 Dashboard visible at index 0
  Given User is logged into the dashboard            # com.test.CreateReceivablesteps.user_is_logged_into_the_dashboard()
Invoice Generated: 811718
🟡 Clicked Create Receivable main button
✅ Clicked CREATE RECEIVABLE in popup successfully.
Invoice number created successfully
  When User creates a new receivable                 # com.test.CreateReceivablesteps.user_creates_a_new_receivable()
🧾 Waiting for success toast...
✅ Success toast visible: Receivable created successfully!
  Then Receivable should be created successfully     # com.test.CreateReceivablesteps.receivable_should_be_created_successfully()
🧹 [HOOK] Closing Playwright after scenario...
]]></system-out>
  </testcase>
  <testcase name="Login to dashboard with valid OTP" classname="Dashboard login" time="18.274">
    <system-out><![CDATA[
Scenario: Login to dashboard with valid OTP # src/test/resources/features/DashboardLogin.feature:3
🚀 [HOOK] Launching Playwright before scenario...
  Given User is on login page               # com.test.DashboardLoginSteps.user_is_on_login_page()
  When User enters email and submits OTP    # com.test.DashboardLoginSteps.user_enters_email_and_submits_otp()
Found 2 Dashboard elements.
 Dashboard visible at index 0
  Then User should land on dashboard        # com.test.DashboardLoginSteps.user_should_land_on_dashboard()
🧹 [HOOK] Closing Playwright after scenario...
]]></system-out>
  </testcase>
  <testcase name="Verify user can create invoice successfully" classname="Invoice Creation" time="42.325">
    <system-out><![CDATA[
Scenario: Verify user can create invoice successfully          # src/test/resources/features/InvoiceCreation.feature:2
🚀 [HOOK] Launching Playwright before scenario...
🚀 Logging into KarbonFX dashboard...
✅ Login successful, dashboard loaded.
  Given User is logged into the dashboard for invoice creation # com.test.InvoiceCreationSteps.user_is_logged_into_the_dashboard_for_invoice_creation()
🧾 Starting new invoice creation...
🧾 Starting Invoice Creation Flow...
🧾 Invoice Number: 811719
🚀 Submitted Invoice Successfully.
✅ Invoice creation flow completed.
  When User creates a new invoice                              # com.test.InvoiceCreationSteps.user_creates_a_new_invoice()
🔍 Verifying invoice creation...
✅ Invoice Success Toast: Created Invoice successfully!
🏠 Returned to Dashboard.
🎉 Invoice verified successfully!
  Then Invoice should be created successfully                  # com.test.InvoiceCreationSteps.invoice_should_be_created_successfully()
🧹 [HOOK] Closing Playwright after scenario...
]]></system-out>
  </testcase>
</testsuite>